<?xml version="1.0" encoding="UTF-8"?>
<testng-results skipped="0" failed="1" total="19" passed="18">
  <reporter-output>
  </reporter-output>
  <suite name="Default suite" duration-ms="1892809" started-at="2021-02-22T02:35:02Z" finished-at="2021-02-22T03:06:35Z">
    <groups>
    </groups>
    <test name="Default test" duration-ms="1892809" started-at="2021-02-22T02:35:02Z" finished-at="2021-02-22T03:06:35Z">
      <class name="MultiWindows">
        <test-method status="PASS" signature="setUp()[pri:0, instance:MultiWindows@2eee9593]" name="setUp" is-config="true" duration-ms="20213" started-at="2021-02-21T20:35:02Z" finished-at="2021-02-21T20:35:22Z">
          <reporter-output>
          </reporter-output>
        </test-method> <!-- setUp -->
        <test-method status="PASS" signature="test1()[pri:0, instance:MultiWindows@2eee9593]" name="test1" duration-ms="607" started-at="2021-02-21T20:35:22Z" finished-at="2021-02-21T20:35:23Z">
          <reporter-output>
          </reporter-output>
        </test-method> <!-- test1 -->
        <test-method status="PASS" signature="tearDown()[pri:0, instance:MultiWindows@2eee9593]" name="tearDown" is-config="true" duration-ms="1218" started-at="2021-02-21T20:35:23Z" finished-at="2021-02-21T20:35:24Z">
          <reporter-output>
          </reporter-output>
        </test-method> <!-- tearDown -->
        <test-method status="PASS" signature="setUp()[pri:0, instance:MultiWindows@2eee9593]" name="setUp" is-config="true" duration-ms="7938" started-at="2021-02-21T20:35:24Z" finished-at="2021-02-21T20:35:32Z">
          <reporter-output>
          </reporter-output>
        </test-method> <!-- setUp -->
        <test-method status="PASS" signature="test2()[pri:0, instance:MultiWindows@2eee9593]" name="test2" duration-ms="6732" started-at="2021-02-21T20:35:32Z" finished-at="2021-02-21T20:35:38Z">
          <reporter-output>
          </reporter-output>
        </test-method> <!-- test2 -->
        <test-method status="PASS" signature="tearDown()[pri:0, instance:MultiWindows@2eee9593]" name="tearDown" is-config="true" duration-ms="1904" started-at="2021-02-21T20:35:38Z" finished-at="2021-02-21T20:35:40Z">
          <reporter-output>
          </reporter-output>
        </test-method> <!-- tearDown -->
        <test-method status="PASS" signature="setUp()[pri:0, instance:MultiWindows@2eee9593]" name="setUp" is-config="true" duration-ms="16659" started-at="2021-02-21T20:35:40Z" finished-at="2021-02-21T20:35:57Z">
          <reporter-output>
          </reporter-output>
        </test-method> <!-- setUp -->
        <test-method status="PASS" signature="test3()[pri:0, instance:MultiWindows@2eee9593]" name="test3" duration-ms="1313" started-at="2021-02-21T20:35:57Z" finished-at="2021-02-21T20:35:58Z">
          <reporter-output>
          </reporter-output>
        </test-method> <!-- test3 -->
        <test-method status="PASS" signature="tearDown()[pri:0, instance:MultiWindows@2eee9593]" name="tearDown" is-config="true" duration-ms="1181" started-at="2021-02-21T20:35:58Z" finished-at="2021-02-21T20:35:59Z">
          <reporter-output>
          </reporter-output>
        </test-method> <!-- tearDown -->
        <test-method status="PASS" signature="setUp()[pri:0, instance:MultiWindows@2eee9593]" name="setUp" is-config="true" duration-ms="8541" started-at="2021-02-21T20:35:59Z" finished-at="2021-02-21T20:36:08Z">
          <reporter-output>
          </reporter-output>
        </test-method> <!-- setUp -->
        <test-method status="PASS" signature="test4()[pri:0, instance:MultiWindows@2eee9593]" name="test4" duration-ms="2284" started-at="2021-02-21T20:36:08Z" finished-at="2021-02-21T20:36:10Z">
          <reporter-output>
          </reporter-output>
        </test-method> <!-- test4 -->
        <test-method status="PASS" signature="tearDown()[pri:0, instance:MultiWindows@2eee9593]" name="tearDown" is-config="true" duration-ms="874" started-at="2021-02-21T20:36:10Z" finished-at="2021-02-21T20:36:11Z">
          <reporter-output>
          </reporter-output>
        </test-method> <!-- tearDown -->
        <test-method status="PASS" signature="setUp()[pri:0, instance:MultiWindows@2eee9593]" name="setUp" is-config="true" duration-ms="8314" started-at="2021-02-21T20:36:11Z" finished-at="2021-02-21T20:36:20Z">
          <reporter-output>
          </reporter-output>
        </test-method> <!-- setUp -->
        <test-method status="PASS" signature="test5()[pri:0, instance:MultiWindows@2eee9593]" name="test5" duration-ms="1792" started-at="2021-02-21T20:36:20Z" finished-at="2021-02-21T20:36:21Z">
          <reporter-output>
          </reporter-output>
        </test-method> <!-- test5 -->
        <test-method status="PASS" signature="tearDown()[pri:0, instance:MultiWindows@2eee9593]" name="tearDown" is-config="true" duration-ms="1183" started-at="2021-02-21T20:36:21Z" finished-at="2021-02-21T20:36:22Z">
          <reporter-output>
          </reporter-output>
        </test-method> <!-- tearDown -->
        <test-method status="PASS" signature="setUp()[pri:0, instance:MultiWindows@2eee9593]" name="setUp" is-config="true" duration-ms="8045" started-at="2021-02-21T20:36:22Z" finished-at="2021-02-21T20:36:31Z">
          <reporter-output>
          </reporter-output>
        </test-method> <!-- setUp -->
        <test-method status="PASS" signature="test6()[pri:0, instance:MultiWindows@2eee9593]" name="test6" duration-ms="110489" started-at="2021-02-21T20:36:31Z" finished-at="2021-02-21T20:38:21Z">
          <reporter-output>
          </reporter-output>
        </test-method> <!-- test6 -->
        <test-method status="PASS" signature="tearDown()[pri:0, instance:MultiWindows@2eee9593]" name="tearDown" is-config="true" duration-ms="1278" started-at="2021-02-21T20:38:21Z" finished-at="2021-02-21T20:38:22Z">
          <reporter-output>
          </reporter-output>
        </test-method> <!-- tearDown -->
        <test-method status="PASS" signature="setUp()[pri:0, instance:MultiWindows@2eee9593]" name="setUp" is-config="true" duration-ms="13282" started-at="2021-02-21T20:38:22Z" finished-at="2021-02-21T20:38:36Z">
          <reporter-output>
          </reporter-output>
        </test-method> <!-- setUp -->
        <test-method status="PASS" signature="test7()[pri:0, instance:MultiWindows@2eee9593]" name="test7" duration-ms="682" started-at="2021-02-21T20:38:36Z" finished-at="2021-02-21T20:38:36Z">
          <reporter-output>
          </reporter-output>
        </test-method> <!-- test7 -->
        <test-method status="PASS" signature="tearDown()[pri:0, instance:MultiWindows@2eee9593]" name="tearDown" is-config="true" duration-ms="849" started-at="2021-02-21T20:38:36Z" finished-at="2021-02-21T20:38:37Z">
          <reporter-output>
          </reporter-output>
        </test-method> <!-- tearDown -->
        <test-method status="PASS" signature="setUp()[pri:0, instance:MultiWindows@2eee9593]" name="setUp" is-config="true" duration-ms="12691" started-at="2021-02-21T20:38:37Z" finished-at="2021-02-21T20:38:50Z">
          <reporter-output>
          </reporter-output>
        </test-method> <!-- setUp -->
        <test-method status="PASS" signature="test8()[pri:0, instance:MultiWindows@2eee9593]" name="test8" duration-ms="1271" started-at="2021-02-21T20:38:50Z" finished-at="2021-02-21T20:38:51Z">
          <reporter-output>
          </reporter-output>
        </test-method> <!-- test8 -->
        <test-method status="PASS" signature="tearDown()[pri:0, instance:MultiWindows@2eee9593]" name="tearDown" is-config="true" duration-ms="932" started-at="2021-02-21T20:38:51Z" finished-at="2021-02-21T20:38:52Z">
          <reporter-output>
          </reporter-output>
        </test-method> <!-- tearDown -->
        <test-method status="PASS" signature="setUp()[pri:0, instance:MultiWindows@2eee9593]" name="setUp" is-config="true" duration-ms="10080" started-at="2021-02-21T20:38:52Z" finished-at="2021-02-21T20:39:02Z">
          <reporter-output>
          </reporter-output>
        </test-method> <!-- setUp -->
        <test-method status="PASS" signature="test9()[pri:0, instance:MultiWindows@2eee9593]" name="test9" duration-ms="882" started-at="2021-02-21T20:39:02Z" finished-at="2021-02-21T20:39:03Z">
          <reporter-output>
          </reporter-output>
        </test-method> <!-- test9 -->
        <test-method status="PASS" signature="tearDown()[pri:0, instance:MultiWindows@2eee9593]" name="tearDown" is-config="true" duration-ms="1371" started-at="2021-02-21T20:39:03Z" finished-at="2021-02-21T20:39:04Z">
          <reporter-output>
          </reporter-output>
        </test-method> <!-- tearDown -->
        <test-method status="PASS" signature="setUp()[pri:0, instance:MultiWindows@2eee9593]" name="setUp" is-config="true" duration-ms="8278" started-at="2021-02-21T20:39:04Z" finished-at="2021-02-21T20:39:13Z">
          <reporter-output>
          </reporter-output>
        </test-method> <!-- setUp -->
        <test-method status="PASS" signature="test10()[pri:0, instance:MultiWindows@2eee9593]" name="test10" duration-ms="2246" started-at="2021-02-21T20:39:13Z" finished-at="2021-02-21T20:39:15Z">
          <reporter-output>
          </reporter-output>
        </test-method> <!-- test10 -->
        <test-method status="PASS" signature="tearDown()[pri:0, instance:MultiWindows@2eee9593]" name="tearDown" is-config="true" duration-ms="963" started-at="2021-02-21T20:39:15Z" finished-at="2021-02-21T20:39:16Z">
          <reporter-output>
          </reporter-output>
        </test-method> <!-- tearDown -->
        <test-method status="PASS" signature="setUp()[pri:0, instance:MultiWindows@2eee9593]" name="setUp" is-config="true" duration-ms="7647" started-at="2021-02-21T20:39:16Z" finished-at="2021-02-21T20:39:23Z">
          <reporter-output>
          </reporter-output>
        </test-method> <!-- setUp -->
        <test-method status="PASS" signature="test11()[pri:0, instance:MultiWindows@2eee9593]" name="test11" duration-ms="7683" started-at="2021-02-21T20:39:23Z" finished-at="2021-02-21T20:39:31Z">
          <reporter-output>
          </reporter-output>
        </test-method> <!-- test11 -->
        <test-method status="PASS" signature="tearDown()[pri:0, instance:MultiWindows@2eee9593]" name="tearDown" is-config="true" duration-ms="1101" started-at="2021-02-21T20:39:31Z" finished-at="2021-02-21T20:39:32Z">
          <reporter-output>
          </reporter-output>
        </test-method> <!-- tearDown -->
        <test-method status="PASS" signature="setUp()[pri:0, instance:MultiWindows@2eee9593]" name="setUp" is-config="true" duration-ms="9339" started-at="2021-02-21T20:39:32Z" finished-at="2021-02-21T20:39:42Z">
          <reporter-output>
          </reporter-output>
        </test-method> <!-- setUp -->
        <test-method status="PASS" signature="test12()[pri:0, instance:MultiWindows@2eee9593]" name="test12" duration-ms="2129" started-at="2021-02-21T20:39:42Z" finished-at="2021-02-21T20:39:44Z">
          <reporter-output>
          </reporter-output>
        </test-method> <!-- test12 -->
        <test-method status="PASS" signature="tearDown()[pri:0, instance:MultiWindows@2eee9593]" name="tearDown" is-config="true" duration-ms="1056" started-at="2021-02-21T20:39:44Z" finished-at="2021-02-21T20:39:45Z">
          <reporter-output>
          </reporter-output>
        </test-method> <!-- tearDown -->
        <test-method status="PASS" signature="setUp()[pri:0, instance:MultiWindows@2eee9593]" name="setUp" is-config="true" duration-ms="14182" started-at="2021-02-21T20:39:45Z" finished-at="2021-02-21T20:39:59Z">
          <reporter-output>
          </reporter-output>
        </test-method> <!-- setUp -->
        <test-method status="PASS" signature="test13()[pri:0, instance:MultiWindows@2eee9593]" name="test13" duration-ms="5648" started-at="2021-02-21T20:39:59Z" finished-at="2021-02-21T20:40:05Z">
          <reporter-output>
          </reporter-output>
        </test-method> <!-- test13 -->
        <test-method status="PASS" signature="tearDown()[pri:0, instance:MultiWindows@2eee9593]" name="tearDown" is-config="true" duration-ms="991" started-at="2021-02-21T20:40:05Z" finished-at="2021-02-21T20:40:06Z">
          <reporter-output>
          </reporter-output>
        </test-method> <!-- tearDown -->
        <test-method status="PASS" signature="setUp()[pri:0, instance:MultiWindows@2eee9593]" name="setUp" is-config="true" duration-ms="9549" started-at="2021-02-21T20:40:06Z" finished-at="2021-02-21T20:40:15Z">
          <reporter-output>
          </reporter-output>
        </test-method> <!-- setUp -->
        <test-method status="PASS" signature="test14()[pri:0, instance:MultiWindows@2eee9593]" name="test14" duration-ms="1416" started-at="2021-02-21T20:40:15Z" finished-at="2021-02-21T20:40:17Z">
          <reporter-output>
          </reporter-output>
        </test-method> <!-- test14 -->
        <test-method status="PASS" signature="tearDown()[pri:0, instance:MultiWindows@2eee9593]" name="tearDown" is-config="true" duration-ms="887" started-at="2021-02-21T20:40:17Z" finished-at="2021-02-21T20:40:17Z">
          <reporter-output>
          </reporter-output>
        </test-method> <!-- tearDown -->
        <test-method status="PASS" signature="setUp()[pri:0, instance:MultiWindows@2eee9593]" name="setUp" is-config="true" duration-ms="13261" started-at="2021-02-21T20:40:17Z" finished-at="2021-02-21T20:40:31Z">
          <reporter-output>
          </reporter-output>
        </test-method> <!-- setUp -->
        <test-method status="PASS" signature="test15()[pri:0, instance:MultiWindows@2eee9593]" name="test15" duration-ms="2051" started-at="2021-02-21T20:40:31Z" finished-at="2021-02-21T20:40:33Z">
          <reporter-output>
          </reporter-output>
        </test-method> <!-- test15 -->
        <test-method status="PASS" signature="tearDown()[pri:0, instance:MultiWindows@2eee9593]" name="tearDown" is-config="true" duration-ms="1285" started-at="2021-02-21T20:40:33Z" finished-at="2021-02-21T20:40:34Z">
          <reporter-output>
          </reporter-output>
        </test-method> <!-- tearDown -->
        <test-method status="PASS" signature="setUp()[pri:0, instance:MultiWindows@2eee9593]" name="setUp" is-config="true" duration-ms="12753" started-at="2021-02-21T20:40:34Z" finished-at="2021-02-21T20:40:47Z">
          <reporter-output>
          </reporter-output>
        </test-method> <!-- setUp -->
        <test-method status="PASS" signature="test16()[pri:0, instance:MultiWindows@2eee9593]" name="test16" duration-ms="382" started-at="2021-02-21T20:40:47Z" finished-at="2021-02-21T20:40:47Z">
          <reporter-output>
          </reporter-output>
        </test-method> <!-- test16 -->
        <test-method status="PASS" signature="tearDown()[pri:0, instance:MultiWindows@2eee9593]" name="tearDown" is-config="true" duration-ms="884" started-at="2021-02-21T20:40:47Z" finished-at="2021-02-21T20:40:48Z">
          <reporter-output>
          </reporter-output>
        </test-method> <!-- tearDown -->
        <test-method status="PASS" signature="setUp()[pri:0, instance:MultiWindows@2eee9593]" name="setUp" is-config="true" duration-ms="10721" started-at="2021-02-21T20:40:48Z" finished-at="2021-02-21T20:40:59Z">
          <reporter-output>
          </reporter-output>
        </test-method> <!-- setUp -->
        <test-method status="PASS" signature="test17()[pri:0, instance:MultiWindows@2eee9593]" name="test17" duration-ms="825" started-at="2021-02-21T20:40:59Z" finished-at="2021-02-21T20:41:00Z">
          <reporter-output>
          </reporter-output>
        </test-method> <!-- test17 -->
        <test-method status="PASS" signature="tearDown()[pri:0, instance:MultiWindows@2eee9593]" name="tearDown" is-config="true" duration-ms="1100" started-at="2021-02-21T20:41:00Z" finished-at="2021-02-21T20:41:01Z">
          <reporter-output>
          </reporter-output>
        </test-method> <!-- tearDown -->
        <test-method status="PASS" signature="setUp()[pri:0, instance:MultiWindows@2eee9593]" name="setUp" is-config="true" duration-ms="9700" started-at="2021-02-21T20:41:01Z" finished-at="2021-02-21T20:41:10Z">
          <reporter-output>
          </reporter-output>
        </test-method> <!-- setUp -->
        <test-method status="FAIL" signature="test18()[pri:0, instance:MultiWindows@2eee9593]" name="test18" duration-ms="1501171" started-at="2021-02-21T20:41:10Z" finished-at="2021-02-21T21:06:12Z">
          <exception class="org.openqa.selenium.TimeoutException">
            <message>
              <![CDATA[timeout
  (Session info: chrome=88.0.4324.182)
  (Driver info: chromedriver=2.35.528161 (5b82f2d2aae0ca24b877009200ced9065a772e73),platform=Windows NT 10.0.19041 x86_64) (WARNING: The server did not provide any stacktrace information)
Command duration or timeout: 0 milliseconds
Build info: version: '3.9.1', revision: '63f7b50', time: '2018-02-07T22:42:22.379Z'
System info: host: 'SHYAM', ip: '172.28.0.1', os.name: 'Windows 8.1', os.arch: 'amd64', os.version: '6.3', java.version: '1.8.0_40'
Driver info: org.openqa.selenium.chrome.ChromeDriver
Capabilities {acceptInsecureCerts: false, acceptSslCerts: false, applicationCacheEnabled: false, browserConnectionEnabled: false, browserName: chrome, chrome: {chromedriverVersion: 2.35.528161 (5b82f2d2aae0ca..., userDataDir: C:\Users\Shya\AppData\Local...}, cssSelectorsEnabled: true, databaseEnabled: false, handlesAlerts: true, hasTouchScreen: false, javascriptEnabled: true, locationContextEnabled: true, mobileEmulationEnabled: false, nativeEvents: true, networkConnectionEnabled: false, pageLoadStrategy: normal, platform: XP, platformName: XP, rotatable: false, setWindowRect: true, takesHeapSnapshot: true, takesScreenshot: true, unexpectedAlertBehaviour: , unhandledPromptBehavior: , version: 88.0.4324.182, webStorageEnabled: true}
Session ID: fe2a07b34461b7aa999653158c9bf8a4]]>
            </message>
            <full-stacktrace>
              <![CDATA[org.openqa.selenium.TimeoutException: timeout
  (Session info: chrome=88.0.4324.182)
  (Driver info: chromedriver=2.35.528161 (5b82f2d2aae0ca24b877009200ced9065a772e73),platform=Windows NT 10.0.19041 x86_64) (WARNING: The server did not provide any stacktrace information)
Command duration or timeout: 0 milliseconds
Build info: version: '3.9.1', revision: '63f7b50', time: '2018-02-07T22:42:22.379Z'
System info: host: 'SHYAM', ip: '172.28.0.1', os.name: 'Windows 8.1', os.arch: 'amd64', os.version: '6.3', java.version: '1.8.0_40'
Driver info: org.openqa.selenium.chrome.ChromeDriver
Capabilities {acceptInsecureCerts: false, acceptSslCerts: false, applicationCacheEnabled: false, browserConnectionEnabled: false, browserName: chrome, chrome: {chromedriverVersion: 2.35.528161 (5b82f2d2aae0ca..., userDataDir: C:\Users\Shya\AppData\Local...}, cssSelectorsEnabled: true, databaseEnabled: false, handlesAlerts: true, hasTouchScreen: false, javascriptEnabled: true, locationContextEnabled: true, mobileEmulationEnabled: false, nativeEvents: true, networkConnectionEnabled: false, pageLoadStrategy: normal, platform: XP, platformName: XP, rotatable: false, setWindowRect: true, takesHeapSnapshot: true, takesScreenshot: true, unexpectedAlertBehaviour: , unhandledPromptBehavior: , version: 88.0.4324.182, webStorageEnabled: true}
Session ID: fe2a07b34461b7aa999653158c9bf8a4
	at sun.reflect.NativeConstructorAccessorImpl.newInstance0(Native Method)
	at sun.reflect.NativeConstructorAccessorImpl.newInstance(NativeConstructorAccessorImpl.java:62)
	at sun.reflect.DelegatingConstructorAccessorImpl.newInstance(DelegatingConstructorAccessorImpl.java:45)
	at java.lang.reflect.Constructor.newInstance(Constructor.java:422)
	at org.openqa.selenium.remote.ErrorHandler.createThrowable(ErrorHandler.java:214)
	at org.openqa.selenium.remote.ErrorHandler.throwIfResponseFailed(ErrorHandler.java:166)
	at org.openqa.selenium.remote.http.JsonHttpResponseCodec.reconstructValue(JsonHttpResponseCodec.java:40)
	at org.openqa.selenium.remote.http.AbstractHttpResponseCodec.decode(AbstractHttpResponseCodec.java:80)
	at org.openqa.selenium.remote.http.AbstractHttpResponseCodec.decode(AbstractHttpResponseCodec.java:44)
	at org.openqa.selenium.remote.HttpCommandExecutor.execute(HttpCommandExecutor.java:160)
	at org.openqa.selenium.remote.service.DriverCommandExecutor.execute(DriverCommandExecutor.java:83)
	at org.openqa.selenium.remote.RemoteWebDriver.execute(RemoteWebDriver.java:601)
	at org.openqa.selenium.remote.RemoteExecuteMethod.execute(RemoteExecuteMethod.java:35)
	at org.openqa.selenium.remote.RemoteMouse.mouseMove(RemoteMouse.java:89)
	at org.openqa.selenium.interactions.MoveMouseAction.perform(MoveMouseAction.java:43)
	at org.openqa.selenium.interactions.CompositeAction.perform(CompositeAction.java:36)
	at org.openqa.selenium.interactions.Actions$BuiltAction.perform(Actions.java:641)
	at org.openqa.selenium.interactions.Actions.perform(Actions.java:594)
	at MultiWindows.test18(MultiWindows.java:202)
	at sun.reflect.NativeMethodAccessorImpl.invoke0(Native Method)
	at sun.reflect.NativeMethodAccessorImpl.invoke(NativeMethodAccessorImpl.java:62)
	at sun.reflect.DelegatingMethodAccessorImpl.invoke(DelegatingMethodAccessorImpl.java:43)
	at java.lang.reflect.Method.invoke(Method.java:497)
	at org.testng.internal.MethodInvocationHelper.invokeMethod(MethodInvocationHelper.java:84)
	at org.testng.internal.Invoker.invokeMethod(Invoker.java:714)
	at org.testng.internal.Invoker.invokeTestMethod(Invoker.java:901)
	at org.testng.internal.Invoker.invokeTestMethods(Invoker.java:1231)
	at org.testng.internal.TestMethodWorker.invokeTestMethods(TestMethodWorker.java:127)
	at org.testng.internal.TestMethodWorker.run(TestMethodWorker.java:111)
	at org.testng.TestRunner.privateRun(TestRunner.java:767)
	at org.testng.TestRunner.run(TestRunner.java:617)
	at org.testng.SuiteRunner.runTest(SuiteRunner.java:334)
	at org.testng.SuiteRunner.runSequentially(SuiteRunner.java:329)
	at org.testng.SuiteRunner.privateRun(SuiteRunner.java:291)
	at org.testng.SuiteRunner.run(SuiteRunner.java:240)
	at org.testng.SuiteRunnerWorker.runSuite(SuiteRunnerWorker.java:52)
	at org.testng.SuiteRunnerWorker.run(SuiteRunnerWorker.java:86)
	at org.testng.TestNG.runSuitesSequentially(TestNG.java:1224)
	at org.testng.TestNG.runSuitesLocally(TestNG.java:1149)
	at org.testng.TestNG.run(TestNG.java:1057)
	at org.testng.remote.RemoteTestNG.run(RemoteTestNG.java:111)
	at org.testng.remote.RemoteTestNG.initAndRun(RemoteTestNG.java:204)
	at org.testng.remote.RemoteTestNG.main(RemoteTestNG.java:175)
]]>
            </full-stacktrace>
          </exception> <!-- org.openqa.selenium.TimeoutException -->
          <reporter-output>
          </reporter-output>
        </test-method> <!-- test18 -->
        <test-method status="PASS" signature="tearDown()[pri:0, instance:MultiWindows@2eee9593]" name="tearDown" is-config="true" duration-ms="1485" started-at="2021-02-21T21:06:12Z" finished-at="2021-02-21T21:06:13Z">
          <reporter-output>
          </reporter-output>
        </test-method> <!-- tearDown -->
        <test-method status="PASS" signature="setUp()[pri:0, instance:MultiWindows@2eee9593]" name="setUp" is-config="true" duration-ms="18910" started-at="2021-02-21T21:06:13Z" finished-at="2021-02-21T21:06:32Z">
          <reporter-output>
          </reporter-output>
        </test-method> <!-- setUp -->
        <test-method status="PASS" signature="test19()[pri:0, instance:MultiWindows@2eee9593]" name="test19" duration-ms="1250" started-at="2021-02-21T21:06:32Z" finished-at="2021-02-21T21:06:33Z">
          <reporter-output>
          </reporter-output>
        </test-method> <!-- test19 -->
        <test-method status="PASS" signature="tearDown()[pri:0, instance:MultiWindows@2eee9593]" name="tearDown" is-config="true" duration-ms="1188" started-at="2021-02-21T21:06:33Z" finished-at="2021-02-21T21:06:35Z">
          <reporter-output>
          </reporter-output>
        </test-method> <!-- tearDown -->
      </class> <!-- MultiWindows -->
    </test> <!-- Default test -->
  </suite> <!-- Default suite -->
</testng-results>
